<?xml version="1.0" encoding="UTF-8"?>
<!-- Generated by org.testng.reporters.JUnitReportReporter -->
<testsuite hostname="LIKHON-ITECH" failures="0" tests="1" name="orange.ny.runner.MyRunner" time="4.108" errors="0" timestamp="20 Mar 2022 03:28:03 GMT" skipped="0">
  <testcase classname="orange.ny.runner.MyRunner" name="feature" time="4.108"/>
</testsuite> <!-- orange.ny.runner.MyRunner -->
