<?xml version="1.0" encoding="UTF-8"?>
<!-- Generated by org.testng.reporters.JUnitReportReporter -->
<testsuite hostname="LiKHON-iTECH" failures="0" tests="1" name="orange.ny.runner.MyRunner" time="3.830" errors="0" timestamp="12 Apr 2022 01:40:38 GMT" skipped="0">
  <testcase classname="orange.ny.runner.MyRunner" name="feature" time="3.830"/>
</testsuite> <!-- orange.ny.runner.MyRunner -->
